Synthesizing design: usb_receiver.sv
dc_shell-t -x "source -echo do_mapping.tcl"
                                        
                           Design Compiler Graphical 
                                 DC Ultra (TM)
                                  DFTMAX (TM)
                              Power Compiler (TM)
                                 DesignWare (R)
                                 DC Expert (TM)
                               Design Vision (TM)
                               HDL Compiler (TM)
                               VHDL Compiler (TM)
                                  DFT Compiler
                               Design Compiler(R)
                                        
               Version K-2015.06-SP1 for linux64 - Jul 21, 2015 
                                        
                    Copyright (c) 1988 - 2015 Synopsys, Inc.
   This software and the associated documentation are proprietary to Synopsys,
 Inc. This software may only be used in accordance with the terms and conditions
 of a written license agreement with Synopsys, Inc. All other use, reproduction,
            or distribution of this software is strictly prohibited.
Initializing...
Initializing gui preferences from file  /home/ecegrid/a/mg109/.synopsys_dv_prefs.tcl
# Step 1:  Read in the source file
analyze -format sverilog -lib WORK {edge_detect.sv eop_detect.sv decode.sv rx_fifo.sv shift_register.sv rcu.sv timer.sv sync_high.sv sync_low.sv flex_counter.sv flex_stp_sr.sv usb_receiver.sv}
Running PRESTO HDLC
Compiling source file ./source/edge_detect.sv
Compiling source file ./source/eop_detect.sv
Compiling source file ./source/decode.sv
Compiling source file ./source/rx_fifo.sv
Compiling source file ./source/shift_register.sv
Compiling source file ./source/rcu.sv
Compiling source file ./source/timer.sv
Compiling source file ./source/sync_high.sv
Compiling source file ./source/sync_low.sv
Compiling source file ./source/flex_counter.sv
Compiling source file ./source/flex_stp_sr.sv
Compiling source file ./source/usb_receiver.sv
Presto compilation completed successfully.
Loading db file '/package/eda/cells/OSU/v2.7/synopsys/lib/ami05/osu05_stdcells.db'
Loading db file '/package/eda/synopsys/syn-K-2015.06-SP1/libraries/syn/dw_foundation.sldb'
elaborate usb_receiver -lib WORK
Loading db file '/package/eda/synopsys/syn-K-2015.06-SP1/libraries/syn/gtech.db'
Loading db file '/package/eda/synopsys/syn-K-2015.06-SP1/libraries/syn/standard.sldb'
  Loading link library 'osu05_stdcells'
  Loading link library 'gtech'
Running PRESTO HDLC
Presto compilation completed successfully.
Elaborated 1 design.
Current design is now 'usb_receiver'.
Information: Building the design 'sync_high'. (HDL-193)

Inferred memory devices in process
	in routine sync_high line 18 in file
		'./source/sync_high.sv'.
===============================================================================
|    Register Name    |   Type    | Width | Bus | MB | AR | AS | SR | SS | ST |
===============================================================================
|       mid_reg       | Flip-flop |   1   |  N  | N  | N  | Y  | N  | N  | N  |
|    sync_out_reg     | Flip-flop |   1   |  N  | N  | N  | Y  | N  | N  | N  |
===============================================================================
Presto compilation completed successfully.
Information: Building the design 'sync_low'. (HDL-193)

Inferred memory devices in process
	in routine sync_low line 18 in file
		'./source/sync_low.sv'.
===============================================================================
|    Register Name    |   Type    | Width | Bus | MB | AR | AS | SR | SS | ST |
===============================================================================
|       mid_reg       | Flip-flop |   1   |  N  | N  | Y  | N  | N  | N  | N  |
|    sync_out_reg     | Flip-flop |   1   |  N  | N  | Y  | N  | N  | N  | N  |
===============================================================================
Presto compilation completed successfully.
Information: Building the design 'edge_detect'. (HDL-193)

Inferred memory devices in process
	in routine edge_detect line 18 in file
		'./source/edge_detect.sv'.
===============================================================================
|    Register Name    |   Type    | Width | Bus | MB | AR | AS | SR | SS | ST |
===============================================================================
|     check2_reg      | Flip-flop |   1   |  N  | N  | N  | Y  | N  | N  | N  |
|     check1_reg      | Flip-flop |   1   |  N  | N  | N  | Y  | N  | N  | N  |
===============================================================================
Presto compilation completed successfully.
Information: Building the design 'eop_detect'. (HDL-193)
Presto compilation completed successfully.
Information: Building the design 'decode'. (HDL-193)

Inferred memory devices in process
	in routine decode line 19 in file
		'./source/decode.sv'.
===============================================================================
|    Register Name    |   Type    | Width | Bus | MB | AR | AS | SR | SS | ST |
===============================================================================
|     state2_reg      | Flip-flop |   1   |  N  | N  | N  | Y  | N  | N  | N  |
|   next_state_reg    | Flip-flop |   1   |  N  | N  | N  | Y  | N  | N  | N  |
===============================================================================
Presto compilation completed successfully.
Information: Building the design 'timer'. (HDL-193)
Presto compilation completed successfully.
Information: Building the design 'shift_register'. (HDL-193)
Presto compilation completed successfully.
Information: Building the design 'rx_fifo'. (HDL-193)
Presto compilation completed successfully.
Information: Building the design 'rcu'. (HDL-193)

Statistics for case statements in always block at line 36 in file
	'./source/rcu.sv'
===============================================
|           Line           |  full/ parallel  |
===============================================
|            45            |     no/auto      |
===============================================

Inferred memory devices in process
	in routine rcu line 27 in file
		'./source/rcu.sv'.
===============================================================================
|    Register Name    |   Type    | Width | Bus | MB | AR | AS | SR | SS | ST |
===============================================================================
|      state_reg      | Flip-flop |   4   |  Y  | N  | Y  | N  | N  | N  | N  |
===============================================================================
Presto compilation completed successfully.
Information: Building the design 'flex_counter' instantiated from design 'timer' with
	the parameters "4". (HDL-193)

Inferred memory devices in process
	in routine flex_counter_NUM_CNT_BITS4 line 26 in file
		'./source/flex_counter.sv'.
===============================================================================
|    Register Name    |   Type    | Width | Bus | MB | AR | AS | SR | SS | ST |
===============================================================================
|   output_flag_reg   | Flip-flop |   1   |  N  | N  | Y  | N  | N  | N  | N  |
|  output_count_reg   | Flip-flop |   4   |  Y  | N  | Y  | N  | N  | N  | N  |
===============================================================================
Presto compilation completed successfully.
Information: Building the design 'flex_stp_sr' instantiated from design 'shift_register' with
	the parameters "8,0". (HDL-193)
Warning:  ./source/flex_stp_sr.sv:39: Statement unreachable (Prior branch conditions are always met).  (VER-61)

Inferred memory devices in process
	in routine flex_stp_sr_NUM_BITS8_SHIFT_MSB0 line 22 in file
		'./source/flex_stp_sr.sv'.
===============================================================================
|    Register Name    |   Type    | Width | Bus | MB | AR | AS | SR | SS | ST |
===============================================================================
|  parallel_out_reg   | Flip-flop |   8   |  Y  | N  | N  | Y  | N  | N  | N  |
===============================================================================
Presto compilation completed successfully.
Information: Building the design 'fifo'. (HDL-193)
Presto compilation completed successfully.
Information: Building the design 'fiforam'. (HDL-193)

Inferred memory devices in process
	in routine fiforam line 48 in file
		'/home/ecegrid/a/ece337/Course_Prod/IP_Libs/Lab_IP_Lib/Source/fiforam.vhd'.
===============================================================================
|    Register Name    |   Type    | Width | Bus | MB | AR | AS | SR | SS | ST |
===============================================================================
|     fiforeg_reg     | Flip-flop |  64   |  Y  | N  | N  | N  | N  | N  | N  |
===============================================================================
Statistics for MUX_OPs
===========================================================
| block name/line  | Inputs | Outputs | # sel inputs | MB |
===========================================================
|    fiforam/36    |   8    |    8    |      3       | N  |
|    fiforam/43    |   8    |    8    |      3       | N  |
===========================================================
Presto compilation completed successfully.
Information: Building the design 'write_fifo_ctrl'. (HDL-193)

Inferred memory devices in process
	in routine write_fifo_ctrl line 76 in file
		'/home/ecegrid/a/ece337/Course_Prod/IP_Libs/Lab_IP_Lib/Source/write_fifo_ctrl.vhd'.
===============================================================================
|    Register Name    |   Type    | Width | Bus | MB | AR | AS | SR | SS | ST |
===============================================================================
|    wrptr_r1_reg     | Flip-flop |   4   |  Y  | N  | Y  | N  | N  | N  | N  |
|    wrptr_r2_reg     | Flip-flop |   4   |  Y  | N  | Y  | N  | N  | N  | N  |
===============================================================================

Inferred memory devices in process
	in routine write_fifo_ctrl line 102 in file
		'/home/ecegrid/a/ece337/Course_Prod/IP_Libs/Lab_IP_Lib/Source/write_fifo_ctrl.vhd'.
===============================================================================
|    Register Name    |   Type    | Width | Bus | MB | AR | AS | SR | SS | ST |
===============================================================================
|   full_flag_r_reg   | Flip-flop |   1   |  N  | N  | Y  | N  | N  | N  | N  |
===============================================================================

Inferred memory devices in process
	in routine write_fifo_ctrl line 115 in file
		'/home/ecegrid/a/ece337/Course_Prod/IP_Libs/Lab_IP_Lib/Source/write_fifo_ctrl.vhd'.
===============================================================================
|    Register Name    |   Type    | Width | Bus | MB | AR | AS | SR | SS | ST |
===============================================================================
|      waddr_reg      | Flip-flop |   3   |  Y  | N  | Y  | N  | N  | N  | N  |
===============================================================================
Presto compilation completed successfully.
Information: Building the design 'read_fifo_ctrl'. (HDL-193)

Inferred memory devices in process
	in routine read_fifo_ctrl line 75 in file
		'/home/ecegrid/a/ece337/Course_Prod/IP_Libs/Lab_IP_Lib/Source/read_fifo_ctrl.vhd'.
===============================================================================
|    Register Name    |   Type    | Width | Bus | MB | AR | AS | SR | SS | ST |
===============================================================================
|    rwptr_r1_reg     | Flip-flop |   4   |  Y  | N  | Y  | N  | N  | N  | N  |
|    rwptr_r2_reg     | Flip-flop |   4   |  Y  | N  | Y  | N  | N  | N  | N  |
===============================================================================

Inferred memory devices in process
	in routine read_fifo_ctrl line 100 in file
		'/home/ecegrid/a/ece337/Course_Prod/IP_Libs/Lab_IP_Lib/Source/read_fifo_ctrl.vhd'.
===============================================================================
|    Register Name    |   Type    | Width | Bus | MB | AR | AS | SR | SS | ST |
===============================================================================
|  empty_flag_r_reg   | Flip-flop |   1   |  N  | N  | N  | Y  | N  | N  | N  |
===============================================================================

Inferred memory devices in process
	in routine read_fifo_ctrl line 114 in file
		'/home/ecegrid/a/ece337/Course_Prod/IP_Libs/Lab_IP_Lib/Source/read_fifo_ctrl.vhd'.
===============================================================================
|    Register Name    |   Type    | Width | Bus | MB | AR | AS | SR | SS | ST |
===============================================================================
|      raddr_reg      | Flip-flop |   3   |  Y  | N  | Y  | N  | N  | N  | N  |
===============================================================================
Presto compilation completed successfully.
Information: Building the design 'write_ptr'. (HDL-193)

Inferred memory devices in process
	in routine write_ptr line 79 in file
		'/home/ecegrid/a/ece337/Course_Prod/IP_Libs/Lab_IP_Lib/Source/write_ptr.vhd'.
===============================================================================
|    Register Name    |   Type    | Width | Bus | MB | AR | AS | SR | SS | ST |
===============================================================================
|    binary_r_reg     | Flip-flop |   4   |  Y  | N  | Y  | N  | N  | N  | N  |
===============================================================================

Inferred memory devices in process
	in routine write_ptr line 89 in file
		'/home/ecegrid/a/ece337/Course_Prod/IP_Libs/Lab_IP_Lib/Source/write_ptr.vhd'.
===============================================================================
|    Register Name    |   Type    | Width | Bus | MB | AR | AS | SR | SS | ST |
===============================================================================
|     gray_r_reg      | Flip-flop |   4   |  Y  | N  | Y  | N  | N  | N  | N  |
===============================================================================
Presto compilation completed successfully.
Information: Building the design 'read_ptr'. (HDL-193)

Inferred memory devices in process
	in routine read_ptr line 79 in file
		'/home/ecegrid/a/ece337/Course_Prod/IP_Libs/Lab_IP_Lib/Source/read_ptr.vhd'.
===============================================================================
|    Register Name    |   Type    | Width | Bus | MB | AR | AS | SR | SS | ST |
===============================================================================
|    binary_r_reg     | Flip-flop |   4   |  Y  | N  | Y  | N  | N  | N  | N  |
===============================================================================

Inferred memory devices in process
	in routine read_ptr line 89 in file
		'/home/ecegrid/a/ece337/Course_Prod/IP_Libs/Lab_IP_Lib/Source/read_ptr.vhd'.
===============================================================================
|    Register Name    |   Type    | Width | Bus | MB | AR | AS | SR | SS | ST |
===============================================================================
|     gray_r_reg      | Flip-flop |   4   |  Y  | N  | Y  | N  | N  | N  | N  |
===============================================================================
Presto compilation completed successfully.
uniquify
Information: Uniquified 2 instances of design 'flex_counter_NUM_CNT_BITS4'. (OPT-1056)
# Step 2: Set design constraints
# Uncomment below to set timing, area, power, etc. constraints
# set_max_delay <delay> -from "<input>" -to "<output>"
# set_max_area <area>
# set_max_total_power <power> mW
# Step 3: Compile the design
compile -map_effort medium
Information: Checking out the license 'DesignWare'. (SEC-104)
Information: Evaluating DesignWare library utilization. (UISN-27)

============================================================================
| DesignWare Building Block Library  |         Version         | Available |
============================================================================
| Basic DW Building Blocks           | K-2015.06-DWBB_201506.1 |     *     |
| Licensed DW Building Blocks        | K-2015.06-DWBB_201506.1 |     *     |
============================================================================


Information: There are 15 potential problems in your design. Please run 'check_design' for more information. (LINT-99)



  Beginning Pass 1 Mapping
  ------------------------
  Processing 'rcu'
  Processing 'read_ptr'
  Processing 'read_fifo_ctrl'
  Processing 'write_ptr'
  Processing 'write_fifo_ctrl'
  Processing 'fiforam'
  Processing 'fifo'
  Processing 'rx_fifo'
  Processing 'flex_stp_sr_NUM_BITS8_SHIFT_MSB0'
  Processing 'shift_register'
  Processing 'flex_counter_NUM_CNT_BITS4_0'
  Processing 'timer'
  Processing 'decode'
  Processing 'eop_detect'
  Processing 'edge_detect'
  Processing 'sync_low'
  Processing 'sync_high'
  Processing 'usb_receiver'

  Updating timing information
Information: Updating design information... (UID-85)
Information: Design 'usb_receiver' has no optimization constraints set. (OPT-108)

  Beginning Implementation Selection
  ----------------------------------
  Mapping 'flex_counter_NUM_CNT_BITS4_0_DW_mult_uns_0'
  Mapping 'flex_counter_NUM_CNT_BITS4_1_DW_mult_uns_0'

  Beginning Mapping Optimizations  (Medium effort)
  -------------------------------
Information: Added key list 'DesignWare' to design 'flex_counter_NUM_CNT_BITS4_0'. (DDB-72)
Information: Added key list 'DesignWare' to design 'flex_counter_NUM_CNT_BITS4_1'. (DDB-72)
  Structuring 'flex_counter_NUM_CNT_BITS4_0'
  Mapping 'flex_counter_NUM_CNT_BITS4_0'
  Structuring 'read_ptr'
  Mapping 'read_ptr'
  Structuring 'write_ptr'
  Mapping 'write_ptr'
  Structuring 'read_fifo_ctrl'
  Mapping 'read_fifo_ctrl'
  Structuring 'write_fifo_ctrl'
  Mapping 'write_fifo_ctrl'
  Structuring 'fiforam'
  Mapping 'fiforam'
  Structuring 'flex_stp_sr_NUM_BITS8_SHIFT_MSB0'
  Mapping 'flex_stp_sr_NUM_BITS8_SHIFT_MSB0'
  Structuring 'flex_counter_NUM_CNT_BITS4_1'
  Mapping 'flex_counter_NUM_CNT_BITS4_1'
  Structuring 'rcu'
  Mapping 'rcu'
  Structuring 'timer'
  Mapping 'timer'
  Structuring 'decode'
  Mapping 'decode'
  Structuring 'eop_detect'
  Mapping 'eop_detect'
  Structuring 'edge_detect'
  Mapping 'edge_detect'

                                  TOTAL                                      
   ELAPSED            WORST NEG   SETUP    DESIGN                            
    TIME      AREA      SLACK     COST    RULE COST         ENDPOINT         
  --------- --------- --------- --------- --------- -------------------------
    0:00:01  310338.0      0.00       0.0       1.1                          
    0:00:01  310338.0      0.00       0.0       1.1                          
    0:00:01  310338.0      0.00       0.0       1.1                          
    0:00:01  310338.0      0.00       0.0       1.1                          
    0:00:02  310338.0      0.00       0.0       1.1                          
    0:00:02  310338.0      0.00       0.0       1.1                          
    0:00:02  310338.0      0.00       0.0       1.1                          
    0:00:02  310338.0      0.00       0.0       1.1                          
    0:00:02  310338.0      0.00       0.0       1.1                          
    0:00:02  311418.0      0.00       0.0       0.5                          
    0:00:02  312282.0      0.00       0.0       0.0                          
    0:00:02  312282.0      0.00       0.0       0.0                          
    0:00:02  312282.0      0.00       0.0       0.0                          
    0:00:02  312282.0      0.00       0.0       0.0                          



  Beginning Delay Optimization Phase
  ----------------------------------

                                  TOTAL                                      
   ELAPSED            WORST NEG   SETUP    DESIGN                            
    TIME      AREA      SLACK     COST    RULE COST         ENDPOINT         
  --------- --------- --------- --------- --------- -------------------------
    0:00:02  312282.0      0.00       0.0       0.0                          
    0:00:02  312282.0      0.00       0.0       0.0                          
    0:00:02  312282.0      0.00       0.0       0.0                          


  Beginning Area-Recovery Phase  (cleanup)
  -----------------------------

                                  TOTAL                                      
   ELAPSED            WORST NEG   SETUP    DESIGN                            
    TIME      AREA      SLACK     COST    RULE COST         ENDPOINT         
  --------- --------- --------- --------- --------- -------------------------
    0:00:02  312282.0      0.00       0.0       0.0                          
    0:00:02  312282.0      0.00       0.0       0.0                          
    0:00:02  311850.0      0.00       0.0       0.0                          
    0:00:02  311850.0      0.00       0.0       0.0                          
    0:00:02  311850.0      0.00       0.0       0.0                          
    0:00:02  311850.0      0.00       0.0       0.0                          
    0:00:02  311850.0      0.00       0.0       0.0                          
    0:00:02  311850.0      0.00       0.0       0.0                          
    0:00:02  311850.0      0.00       0.0       0.0                          
    0:00:02  311850.0      0.00       0.0       0.0                          
    0:00:02  311850.0      0.00       0.0       0.0                          
    0:00:02  311850.0      0.00       0.0       0.0                          
Loading db file '/package/eda/cells/OSU/v2.7/synopsys/lib/ami05/osu05_stdcells.db'


Note: Symbol # after min delay cost means estimated hold TNS across all active scenarios 


  Optimization Complete
  ---------------------
# Step 4: Output reports
report_timing -path full -delay max -max_paths 1 -nworst 1 > reports/usb_receiver.rep
report_area >> reports/usb_receiver.rep
report_power -hier >> reports/usb_receiver.rep
# Step 5: Output final VHDL and Verilog files
write_file -format verilog -hierarchy -output "mapped/usb_receiver.v"
Writing verilog file '/home/ecegrid/a/mg109/ece337/Lab6/mapped/usb_receiver.v'.
Warning: Verilog 'assign' or 'tran' statements are written out. (VO-4)
echo "\nScript Done\n"

Script Done

echo "\nChecking Design\n"

Checking Design

check_design
 
****************************************
check_design summary:
Version:     K-2015.06-SP1
Date:        Tue Feb 27 18:52:37 2018
****************************************

                   Name                                            Total
--------------------------------------------------------------------------------
Cells                                                              11
    Connected to power or ground (LINT-32)                          8
    Nets connected to multiple pins on same cell (LINT-33)          3
--------------------------------------------------------------------------------

Warning: In design 'timer', a pin on submodule 'SHIFT' is connected to logic 1 or logic 0. (LINT-32)
   Pin 'rollover_val[3]' is connected to logic 1. 
Warning: In design 'timer', a pin on submodule 'SHIFT' is connected to logic 1 or logic 0. (LINT-32)
   Pin 'rollover_val[2]' is connected to logic 0. 
Warning: In design 'timer', a pin on submodule 'SHIFT' is connected to logic 1 or logic 0. (LINT-32)
   Pin 'rollover_val[1]' is connected to logic 0. 
Warning: In design 'timer', a pin on submodule 'SHIFT' is connected to logic 1 or logic 0. (LINT-32)
   Pin 'rollover_val[0]' is connected to logic 0. 
Warning: In design 'timer', a pin on submodule 'BYTE_REC' is connected to logic 1 or logic 0. (LINT-32)
   Pin 'rollover_val[3]' is connected to logic 1. 
Warning: In design 'timer', a pin on submodule 'BYTE_REC' is connected to logic 1 or logic 0. (LINT-32)
   Pin 'rollover_val[2]' is connected to logic 0. 
Warning: In design 'timer', a pin on submodule 'BYTE_REC' is connected to logic 1 or logic 0. (LINT-32)
   Pin 'rollover_val[1]' is connected to logic 0. 
Warning: In design 'timer', a pin on submodule 'BYTE_REC' is connected to logic 1 or logic 0. (LINT-32)
   Pin 'rollover_val[0]' is connected to logic 0. 
Warning: In design 'timer', the same net is connected to more than one pin on submodule 'SHIFT'. (LINT-33)
   Net '*Logic0*' is connected to pins 'rollover_val[2]', 'rollover_val[1]'', 'rollover_val[0]'.
Warning: In design 'timer', the same net is connected to more than one pin on submodule 'BYTE_REC'. (LINT-33)
   Net '*Logic0*' is connected to pins 'rollover_val[2]', 'rollover_val[1]'', 'rollover_val[0]'.
Warning: In design 'rx_fifo', the same net is connected to more than one pin on submodule 'FIFO'. (LINT-33)
   Net 'clk' is connected to pins 'r_clk', 'w_clk''.
quit

Thank you...
Done


